<?xml version="1.0" encoding="UTF-8"?>
<testng-results ignored="0" total="1" passed="1" failed="0" skipped="0">
  <reporter-output>
  </reporter-output>
  <suite started-at="2023-06-13T11:46:06 CEST" name="Default suite" finished-at="2023-06-13T11:46:08 CEST" duration-ms="2048">
    <groups>
    </groups>
    <test started-at="2023-06-13T11:46:06 CEST" name="Default test" finished-at="2023-06-13T11:46:08 CEST" duration-ms="2048">
      <class name="Test04b_GetBookingIdsByName">
        <test-method signature="GetBookingIdsByName()[pri:0, instance:Test04b_GetBookingIdsByName@611889f4]" started-at="2023-06-13T11:46:06 CEST" name="GetBookingIdsByName" finished-at="2023-06-13T11:46:08 CEST" duration-ms="2013" status="PASS">
          <reporter-output>
          </reporter-output>
        </test-method> <!-- GetBookingIdsByName -->
      </class> <!-- Test04b_GetBookingIdsByName -->
    </test> <!-- Default test -->
  </suite> <!-- Default suite -->
</testng-results>
